20161005205301,29.0,26.0
20161005205401,30.0,26.0
20161005205501,31.0,26.0
20161005205601,29.0,26.0
20161005205701,29.0,26.0
20161005205801,29.0,26.0
20161005205901,30.0,26.0
20161005210001,29.0,26.0
20161005210101,29.0,26.0
20161005210202,30.0,26.0
20161005210301,30.0,26.0
20161005210401,29.0,26.0
20161005210501,39.0,26.0
20161005210601,
20161005210701,
20161005210801,
20161005210901,
20161005211001,
20161005211101,
20161005211201,
20161005211301,
20161005211401,
20161005211501,
20161005211601,
20161005211701,
20161005211801,
20161005211901,
20161005212001,
20161005212101,
20161005212201,
20161005212301,
20161005212401,
20161005212501,
20161005212601,
20161005212701,
20161005212801,
20161005212901,
20161005213001,
20161005213101,
20161005213201,
20161005213301,
20161005213401,
20161005213501,
20161005213601,
20161005213701,
20161005213801,
20161005213901,
20161005214001,
20161005214101,
20161005214201,
20161005214301,
20161005214401,
20161005214501,
20161005214601,
20161005214701,
20161005214801,
20161005214901,
20161005215001,
20161005215101,
20161005215201,
20161005215301,
20161005215401,
20161005215501,
20161005215601,26.0,29.0
20161005215701,26.0,29.0
20161005215801,26.0,29.0
20161005215901,26.0,29.0
20161005220001,26.0,29.0
20161005220101,26.0,29.0
20161005220201,26.0,29.0
20161005220301,26.0,29.0
20161005220401,26.0,29.0
20161005220501,26.0,29.0
20161005220601,26.0,29.0
20161005220702,26.0,29.0
20161005220801,26.0,30.0
20161005220901,26.0,29.0
20161005221001,26.0,29.0
20161005221101,26.0,29.0
20161005221201,26.0,29.0
20161005221301,26.0,31.0
20161005221401,26.0,29.0
20161005221501,26.0,29.0
20161005221601,26.0,31.0
20161005221701,26.0,31.0
20161005221801,26.0,29.0
20161005221901,26.0,29.0
20161005222001,26.0,29.0
20161005222101,26.0,29.0
20161005222201,26.0,29.0
20161005222301,26.0,29.0
20161005222401,26.0,29.0
20161005222501,26.0,29.0
20161005222601,26.0,30.0
20161005222701,26.0,29.0
20161005222802,26.0,29.0
20161005222901,26.0,29.0
20161005223001,26.0,29.0
20161005223101,26.0,30.0
20161005223201,26.0,29.0
20161005223301,26.0,29.0
20161005223401,26.0,29.0
20161005223501,26.0,30.0
20161005223601,26.0,29.0
20161005223701,26.0,29.0
20161005223801,26.0,29.0
20161005223901,26.0,29.0
20161005224001,26.0,29.0
20161005224101,26.0,29.0
20161005224201,26.0,31.0
20161005224301,26.0,31.0
20161005224401,26.0,29.0
20161005224501,26.0,29.0
20161005224601,26.0,29.0
20161005224701,26.0,31.0
20161005224801,26.0,31.0
20161005224901,26.0,31.0
20161005225001,26.0,30.0
20161005225101,26.0,29.0
20161005225201,26.0,29.0
20161005225301,26.0,29.0
20161005225401,26.0,29.0
20161005225501,26.0,31.0
20161005225601,26.0,29.0
20161005225701,26.0,29.0
20161005225801,26.0,29.0
20161005225901,26.0,30.0
20161005230001,26.0,30.0
20161005230101,26.0,31.0
20161005230201,26.0,31.0
20161005230301,26.0,29.0
20161005230401,26.0,30.0
20161005230501,26.0,30.0
20161005230601,26.0,30.0
20161005230701,26.0,30.0
20161005230801,26.0,30.0
20161005230901,26.0,30.0
20161005231002,26.0,30.0
20161005231101,26.0,30.0
20161005231201,26.0,30.0
20161005231301,26.0,30.0
20161005231401,26.0,30.0
20161005231501,26.0,30.0
20161005231601,26.0,30.0
20161005231701,26.0,31.0
20161005231801,26.0,30.0
20161005231901,26.0,30.0
20161005232001,26.0,30.0
20161005232101,26.0,30.0
20161005232201,26.0,30.0
20161005232301,26.0,30.0
20161005232401,26.0,30.0
20161005232501,26.0,30.0
20161005232601,26.0,30.0
20161005232702,26.0,30.0
20161005232801,26.0,30.0
20161005232901,26.0,29.0
20161005233001,26.0,30.0
20161005233101,26.0,30.0
20161005233201,26.0,29.0
20161005233301,26.0,29.0
20161005233401,26.0,29.0
20161005233501,26.0,29.0
20161005233601,26.0,29.0
20161005233701,26.0,30.0
20161005233801,26.0,29.0
20161005233901,26.0,29.0
20161005234001,26.0,29.0
20161005234101,26.0,29.0
20161005234201,26.0,29.0
20161005234301,26.0,29.0
20161005234402,26.0,29.0
20161005234501,26.0,30.0
20161006213943,26.0,29.0
20161006214001,26.0,30.0
20161006214101,26.0,29.0
20161006214201,26.0,29.0
20161006214301,26.0,29.0
20161006214401,26.0,29.0
20161006214501,26.0,29.0
20161006214601,26.0,29.0
20161006214701,26.0,29.0
20161006214801,26.0,29.0
20161006214901,26.0,29.0
20161006215001,26.0,29.0
20161006215101,26.0,29.0
20161006215201,26.0,29.0
20161006215302,26.0,29.0
20161006215401,26.0,29.0
20161006215501,26.0,29.0
20161006215601,26.0,29.0
20161006215701,26.0,29.0
20161006215801,26.0,29.0
20161006215901,26.0,29.0
20161006220001,26.0,29.0
20161006220101,26.0,25.0
20161006220201,26.0,29.0
20161006220301,26.0,29.0
20161006220401,26.0,29.0
20161006220501,26.0,29.0
20161006220601,26.0,29.0
20161006220701,26.0,29.0
20161006220801,26.0,29.0
20161006220901,26.0,29.0
20161006221001,26.0,29.0
20161006221101,26.0,29.0
20161006221201,26.0,27.0
20161006221301,26.0,29.0
20161006221401,26.0,29.0
20161006221501,26.0,29.0
20161006221601,26.0,29.0
20161006221701,26.0,29.0
20161006221801,26.0,29.0
20161006221901,26.0,29.0
20161006222001,26.0,29.0
20161006222101,26.0,29.0
20161006222201,26.0,29.0
20161006222301,26.0,31.0
20161006222401,26.0,29.0
20161006222501,26.0,29.0
20161006222601,26.0,29.0
20161006222701,26.0,29.0
20161006222801,26.0,29.0
20161006222901,26.0,29.0
20161006223001,26.0,29.0
20161006223101,26.0,29.0
20161006223202,26.0,29.0
20161006223301,26.0,29.0
20161006223401,26.0,29.0
20161006223501,26.0,29.0
20161006223601,26.0,29.0
20161006223701,26.0,29.0
20161006223801,26.0,29.0
20161006223901,26.0,29.0
20161006224001,26.0,29.0
20161006224101,26.0,29.0
20161006224201,26.0,29.0
20161006224301,26.0,29.0
20161006224401,26.0,29.0
20161006224501,26.0,29.0
20161006224601,26.0,29.0
20161006224701,26.0,29.0
20161006224801,26.0,29.0
20161006224901,26.0,29.0
20161006225002,26.0,29.0
20161006225101,26.0,29.0
20161006225201,26.0,29.0
20161006225301,26.0,29.0
20161006225401,26.0,29.0
20161006225501,26.0,29.0
20161006225601,26.0,29.0
20161006225701,26.0,29.0
20161006225801,26.0,29.0
20161006225901,26.0,29.0
20161006230001,26.0,29.0
20161006230102,26.0,29.0
20161006230201,26.0,29.0
20161006230301,26.0,30.0
20161006230401,26.0,29.0
20161006230501,26.0,30.0
20161006230601,26.0,29.0
20161006230701,26.0,29.0
20161006230801,26.0,29.0
20161006230901,26.0,30.0
20161006231001,26.0,29.0
20161006231101,26.0,29.0
20161006231201,26.0,29.0
20161006231301,26.0,29.0
20161006231401,26.0,29.0
20161006231501,26.0,29.0
20161006231602,26.0,29.0
20161006231701,26.0,29.0
20161006231801,26.0,29.0
20161006231901,26.0,29.0
20161006232001,26.0,29.0
20161006232101,26.0,29.0
20161006232201,26.0,29.0
20161006232302,26.0,29.0
20161006232401,26.0,29.0
20161006232501,26.0,29.0
20161006232601,26.0,29.0
20161006232701,26.0,29.0
20161006232801,26.0,30.0
20161006232901,26.0,29.0
20161006233001,26.0,29.0
20161006233101,26.0,29.0
20161006233201,26.0,44.0
20161006233301,26.0,29.0
20161006233401,26.0,29.0
20161006233501,26.0,29.0
20161006233601,26.0,29.0
20161006233701,26.0,29.0
20161006233802,26.0,29.0
20161006233901,27.0,29.0
20161006234001,26.0,30.0
20161006234101,26.0,29.0
20161006234201,26.0,31.0
20161006234301,26.0,30.0
20161006234401,26.0,29.0
20161006234501,26.0,29.0
20161006234601,26.0,30.0
20161006234701,26.0,29.0
20161006234801,26.0,29.0
20161006234902,26.0,29.0
20161006235001,26.0,29.0
20161006235101,26.0,29.0
20161006235201,26.0,29.0
20161006235301,26.0,29.0
20161006235401,26.0,29.0
20161006235501,26.0,29.0
20161006235601,26.0,29.0
20161006235701,26.0,29.0
20161006235801,26.0,29.0
20161006235901,26.0,29.0
20161007000002,26.0,29.0
20161007000101,26.0,29.0
20161007000201,26.0,29.0
20161007000301,26.0,29.0
20161007000401,26.0,29.0
20161007000501,26.0,29.0
20161007000601,26.0,29.0
20161007000702,26.0,29.0
20161007221815,26.0,30.0
20161007221901,25.0,29.0
20161007222001,26.0,29.0
20161007222101,26.0,29.0
20161007222201,25.0,29.0
20161007222301,25.0,30.0
20161007222401,25.0,30.0
20161007222501,26.0,30.0
20161007222601,25.0,29.0
20161007222701,26.0,29.0
20161007222801,26.0,29.0
20161007222901,26.0,30.0
20161007223001,26.0,29.0
20161007223101,26.0,29.0
20161007223201,26.0,29.0
20161007223301,26.0,31.0
20161007223401,26.0,30.0
20161007223502,26.0,29.0
20161007223601,26.0,29.0
20161007223701,26.0,29.0
20161007223801,26.0,29.0
20161007223901,26.0,29.0
20161007224001,26.0,29.0
20161007224101,26.0,29.0
20161007224202,26.0,31.0
20161007224301,26.0,30.0
20161007224401,26.0,29.0
20161007224501,26.0,29.0
20161007224601,26.0,29.0
20161007224701,26.0,29.0
20161007224801,26.0,29.0
20161007224902,26.0,31.0
20161007225001,26.0,30.0
20161007225101,26.0,29.0
20161007225201,26.0,29.0
20161007225301,26.0,31.0
20161007225401,26.0,29.0
20161007225501,26.0,29.0
20161007225601,26.0,29.0
20161007225701,26.0,31.0
20161007225801,26.0,29.0
20161007225901,26.0,29.0
20161007230001,26.0,29.0
20161007230101,26.0,29.0
20161007230201,26.0,29.0
20161007230301,26.0,29.0
20161007230401,26.0,30.0
20161007230501,26.0,29.0
20161007230601,26.0,30.0
20161007230701,26.0,29.0
20161007230801,26.0,29.0
20161007230901,26.0,29.0
20161007231001,26.0,29.0
20161007231101,26.0,29.0
20161007231201,26.0,29.0
20161007231301,26.0,29.0
20161007231401,26.0,30.0
20161007231501,26.0,29.0
20161007231601,26.0,31.0
20161007231701,26.0,29.0
20161008210153,25.0,30.0
20161008210201,25.0,29.0
20161008210301,25.0,29.0
20161008210401,25.0,29.0
20161008210501,25.0,29.0
20161008210602,25.0,29.0
20161008210701,25.0,29.0
20161008210801,25.0,29.0
20161008210901,25.0,28.0
20161008211001,25.0,28.0
20161008211101,25.0,25.0
20161008211201,25.0,25.0
20161008211302,25.0,25.0
20161008211401,25.0,25.0
20161008211501,25.0,25.0
20161008211601,25.0,25.0
20161008211701,25.0,29.0
20161008211801,25.0,24.0
20161008211901,25.0,24.0
20161008212002,25.0,24.0
20161008212101,25.0,24.0
20161008212201,25.0,24.0
20161008212301,25.0,29.0
20161008212401,25.0,24.0
20161008212501,25.0,25.0
20161008212601,25.0,24.0
20161008212701,25.0,24.0
20161008212801,25.0,29.0
20161008212901,25.0,24.0
20161008213001,25.0,25.0
20161008213101,25.0,24.0
20161008213201,25.0,24.0
20161008213301,25.0,24.0
20161008213402,25.0,24.0
20161008213501,26.0,29.0
20161008213601,25.0,24.0
20161008213701,25.0,24.0
20161008213801,25.0,24.0
20161008213901,25.0,26.0
20161008214001,25.0,24.0
20161008214102,26.0,29.0
20161008214201,25.0,24.0
20161008214301,25.0,24.0
20161008214401,25.0,24.0
20161008214501,25.0,24.0
20161008214601,25.0,24.0
20161008214701,25.0,24.0
20161008214802,25.0,24.0
20161008214901,25.0,24.0
20161008215001,25.0,29.0
20161008215101,25.0,24.0
20161008215201,25.0,24.0
20161008215301,26.0,29.0
20161008215401,25.0,24.0
20161008215502,25.0,24.0
20161008215601,25.0,24.0
20161008215701,26.0,29.0
20161008215801,25.0,24.0
20161008215901,25.0,29.0
20161008220001,25.0,24.0
20161008220101,25.0,24.0
20161008220202,25.0,29.0
20161008220301,25.0,24.0
20161008220401,25.0,24.0
20161008220501,25.0,24.0
20161008220601,25.0,24.0
20161008220701,25.0,24.0
20161008220801,25.0,24.0
20161008220902,25.0,24.0
20161008221001,25.0,29.0
20161008221101,25.0,24.0
20161008221201,25.0,24.0
20161008221301,25.0,24.0
20161008221401,25.0,24.0
20161008221501,25.0,24.0
20161008221602,25.0,24.0
20161008221701,25.0,24.0
20161008221801,25.0,29.0
20161008221901,25.0,24.0
20161008222001,25.0,24.0
20161008222101,25.0,24.0
20161008222201,25.0,24.0
20161008222302,25.0,24.0
20161008222401,25.0,24.0
20161008222501,25.0,29.0
20161008222601,25.0,24.0
20161008222701,25.0,29.0
20161008222801,25.0,24.0
20161008222901,25.0,24.0
20161008223001,25.0,24.0
20161008223101,25.0,24.0
20161008223201,25.0,29.0
20161008223301,25.0,24.0
20161008223401,25.0,24.0
20161008223501,25.0,24.0
20161008223601,25.0,24.0
20161008223701,25.0,24.0
20161008223801,25.0,24.0
20161008223901,25.0,24.0
20161008224001,25.0,24.0
20161008224101,25.0,24.0
20161008224201,25.0,24.0
20161008224301,25.0,25.0
20161008224401,25.0,29.0
20161008224501,25.0,29.0
20161008224601,25.0,24.0
20161008224701,25.0,24.0
20161008224801,25.0,24.0
20161008224901,25.0,24.0
20161008225001,25.0,29.0
20161008225101,25.0,24.0
20161008225201,25.0,24.0
20161008225301,25.0,24.0
20161008225401,25.0,29.0
20161008225502,25.0,24.0
20161008225601,25.0,29.0
20161008225701,25.0,24.0
20161008225801,25.0,24.0
20161008225901,25.0,24.0
20161008230001,25.0,24.0
20161008230101,25.0,24.0
20161008230202,25.0,24.0
20161008230301,25.0,24.0
20161008230401,25.0,24.0
20161008230501,26.0,43.0
20161008230601,25.0,24.0
20161008230701,25.0,24.0
20161008230801,25.0,24.0
20161008230901,26.0,29.0
20161008232938,25.0,25.0
20161008233001,25.0,24.0
20161008233101,26.0,25.0
20161008233201,25.0,24.0
20161008233301,26.0,24.0
20161008233401,25.0,24.0
20161008233501,25.0,24.0
20161008233601,25.0,24.0
20161008233701,25.0,24.0
20161008233801,25.0,24.0
20161008233901,25.0,24.0
20161008234001,25.0,24.0
20161008234101,25.0,24.0
20161008234201,25.0,24.0
20161008234301,25.0,24.0
20161008234401,25.0,24.0
20161008234501,25.0,24.0
20161008234601,25.0,24.0
20161008234701,25.0,24.0
20161008234801,25.0,23.0
20161008234901,25.0,24.0
20161008235029,25.0,24.0
20161008235101,25.0,24.0
20161008235227,25.0,24.0
20161008235301,25.0,24.0
20161008235401,25.0,23.0
20161008235501,25.0,24.0
20161008235601,25.0,24.0
20161008235701,25.0,24.0
20161008235801,25.0,24.0
20161008235901,25.0,24.0
20161009000001,25.0,29.0
20161009000101,25.0,24.0
20161009000228,25.0,25.0
20161009000301,25.0,24.0
20161009000402,25.0,24.0
20161009000501,25.0,22.0
20161009000601,25.0,24.0
20161009000701,25.0,23.0
20161009000801,25.0,23.0
20161009000902,25.0,23.0
20161009001001,25.0,23.0
20161009001101,25.0,23.0
20161009001201,25.0,24.0
20161009001301,25.0,24.0
20161009001401,25.0,24.0
20161009001501,25.0,24.0
20161009001601,25.0,24.0
20161009001701,25.0,24.0
20161009001801,25.0,29.0
20161009001901,24.0,25.0
20161009002001,24.0,25.0
20161009002101,24.0,24.0
20161009002201,24.0,25.0
20161009002301,25.0,24.0
20161009002401,25.0,29.0
20161009005248,24.0,30.0
20161009005301,24.0,25.0
20161009005401,24.0,25.0
20161009005501,24.0,25.0
20161009005601,24.0,25.0
20161009005701,24.0,25.0
20161009005802,25.0,23.0
20161009005901,24.0,25.0
20161009010001,24.0,25.0
20161009010101,24.0,25.0
20161009010201,24.0,25.0
20161009010301,24.0,25.0
20161009010401,24.0,25.0
20161009010502,24.0,25.0
20161009010601,25.0,29.0
20161009010701,24.0,25.0
20161009010801,25.0,25.0
20161009010901,25.0,24.0
20161009011001,24.0,25.0
20161009011101,24.0,25.0
20161009011201,25.0,29.0
20161009011301,24.0,25.0
20161009011401,25.0,29.0
20161009011501,25.0,26.0
20161009011601,25.0,29.0
20161009011730,24.0,24.0
20161009011802,25.0,29.0
20161009011901,25.0,29.0
20161009012101,25.0,29.0
20161009012201,24.0,24.0
20161009012301,24.0,24.0
20161009012401,24.0,24.0
20161009012501,24.0,24.0
20161009012601,25.0,29.0
20161009012701,25.0,24.0
20161009012801,25.0,23.0
20161009012901,24.0,24.0
20161009013001,25.0,23.0
20161009013101,25.0,29.0
20161009013201,24.0,29.0
20161009013547,24.0,24.0
20161009013548,24.0,24.0
20161009013549,25.0,24.0
20161009013601,25.0,24.0
20161009013701,24.0,22.0
20161009013801,24.0,24.0
20161009113227,25.0,29.0
20161009113301,25.0,29.0
20161009113401,25.0,29.0
20161009113501,25.0,32.0
20161009113601,25.0,29.0
20161009113701,25.0,30.0
20161009113801,25.0,29.0
20161009113928,25.0,29.0
20161009114001,25.0,29.0
20161009114101,25.0,29.0
20161009114201,25.0,29.0
20161009114301,25.0,30.0
20161009114401,25.0,30.0
20161009114501,25.0,30.0
20161009114601,25.0,29.0
20161009114701,25.0,29.0
20161009114801,25.0,30.0
20161009114901,25.0,29.0
20161009115001,25.0,29.0
20161009115101,25.0,29.0
20161009115201,25.0,29.0
20161009115301,25.0,29.0
20161009115401,25.0,29.0
20161009115501,25.0,31.0
20161009115601,25.0,29.0
20161009115701,25.0,29.0
20161009115802,25.0,29.0
20161009115901,25.0,29.0
20161009120001,25.0,29.0
20161009120130,25.0,29.0
20161009120201,25.0,29.0
20161009120301,25.0,29.0
20161009120401,25.0,29.0
20161009120501,25.0,29.0
20161009120628,25.0,29.0
20161009120701,25.0,29.0
20161009120801,25.0,29.0
20161009120901,25.0,29.0
20161009121001,24.0,36.0
20161009121127,25.0,30.0
20161009121201,25.0,29.0
20161009121301,25.0,29.0
20161009121401,25.0,29.0
20161009121501,25.0,28.0
20161009121601,25.0,29.0
20161009121701,25.0,29.0
20161009121801,25.0,30.0
20161009121901,25.0,29.0
20161009122001,25.0,30.0
20161009122101,25.0,29.0
20161009122201,25.0,29.0
20161009122301,25.0,29.0
20161009122401,25.0,29.0
20161009122527,25.0,29.0
20161009122601,25.0,29.0
20161009122701,25.0,29.0
20161009122801,25.0,30.0
20161009122901,25.0,29.0
20161009123001,25.0,29.0
20161009123101,25.0,29.0
20161009123201,25.0,29.0
20161009123301,25.0,30.0
20161009123401,25.0,29.0
20161009123501,25.0,30.0
20161009123602,25.0,29.0
20161009123818,25.0,29.0
20161009123820,25.0,29.0
20161009123901,25.0,29.0
20161009124001,25.0,30.0
20161009124102,25.0,29.0
20161009124201,25.0,29.0
20161009124301,25.0,29.0
20161009124401,25.0,29.0
20161009124501,25.0,29.0
20161009124601,25.0,29.0
20161009124701,25.0,29.0
20161009124802,25.0,30.0
20161009124901,25.0,29.0
20161009125001,25.0,29.0
20161009125101,25.0,29.0
20161009125201,25.0,29.0
20161009125301,25.0,30.0
20161009125401,25.0,29.0
20161009125502,25.0,29.0
20161009125601,25.0,29.0
20161009125701,25.0,29.0
20161009125801,25.0,29.0
20161009125901,25.0,29.0
20161009130001,25.0,29.0
20161009130101,25.0,29.0
20161009130202,25.0,29.0
20161009130301,25.0,29.0
20161009130401,25.0,29.0
20161009130501,25.0,29.0
20161009130628,25.0,29.0
20161009130701,26.0,29.0
20161009130801,25.0,29.0
20161009131518,26.0,30.0
20161009131601,25.0,29.0
20161009131701,25.0,29.0
20161009131801,25.0,30.0
20161009131901,25.0,29.0
20161009132001,26.0,30.0
20161009132101,25.0,30.0
20161009132201,25.0,29.0
20161009132301,25.0,29.0
20161009132401,25.0,29.0
20161009132501,25.0,29.0
20161009132602,25.0,29.0
20161009132701,25.0,29.0
20161009132801,25.0,29.0
20161009132901,25.0,29.0
20161009133001,25.0,29.0
20161009133101,25.0,29.0
20161009133201,25.0,29.0
20161009133301,25.0,29.0
20161009133401,25.0,29.0
20161009133502,25.0,29.0
20161009133601,25.0,31.0
20161009133701,26.0,30.0
20161009133801,25.0,29.0
20161009133902,25.0,29.0
20161009134029,26.0,29.0
20161009134101,25.0,29.0
20161009134201,25.0,29.0
20161009134301,25.0,29.0
20161009134401,25.0,29.0
20161009134501,25.0,30.0
20161009201930,25.0,25.0
20161009202001,25.0,21.0
20161009202101,25.0,22.0
20161009202201,25.0,22.0
20161009202301,25.0,29.0
20161009202401,25.0,22.0
20161009202501,25.0,22.0
20161009202601,25.0,23.0
20161009202701,26.0,29.0
20161009202801,25.0,22.0
20161009202901,26.0,29.0
20161009203001,25.0,25.0
20161009203101,25.0,22.0
20161009203201,25.0,22.0
20161009203301,25.0,21.0
20161009203401,25.0,21.0
20161009203501,25.0,21.0
20161009203601,25.0,21.0
20161009203701,25.0,21.0
20161009203801,25.0,22.0
20161009203901,25.0,24.0
20161009204001,25.0,28.0
20161009204101,25.0,29.0
20161009204201,25.0,21.0
20161009204301,25.0,29.0
20161009204401,25.0,21.0
20161009204501,25.0,23.0
20161009204601,25.0,23.0
20161009204701,25.0,29.0
20161009204801,25.0,24.0
20161009204901,25.0,25.0
20161009205001,25.0,29.0
20161009205101,25.0,22.0
20161009205201,25.0,23.0
20161009205301,25.0,23.0
20161009205401,25.0,29.0
20161009205501,25.0,25.0
20161009205601,25.0,23.0
20161009205701,25.0,21.0
20161009205801,25.0,24.0
20161009205901,25.0,21.0
20161009210001,25.0,29.0
20161009210101,25.0,21.0
20161009210201,25.0,22.0
20161009210301,25.0,22.0
20161009210401,25.0,22.0
20161009210501,25.0,23.0
20161009210601,25.0,22.0
20161009210701,25.0,22.0
20161009210802,25.0,23.0
20161009210901,25.0,22.0
20161009211001,25.0,29.0
20161009211101,25.0,22.0
20161009211201,25.0,22.0
20161009211301,26.0,29.0
20161009211401,25.0,24.0
20161009211501,25.0,28.0
20161009211601,25.0,22.0
20161009211701,25.0,23.0
20161009211801,25.0,22.0
20161009211901,25.0,25.0
20161009212001,25.0,22.0
20161009212101,25.0,21.0
20161009212201,25.0,21.0
20161009212301,25.0,22.0
20161009212401,25.0,21.0
20161009212501,25.0,21.0
20161009212601,25.0,25.0
20161009212701,25.0,21.0
20161009212801,25.0,21.0
20161009212901,25.0,21.0
20161009213001,25.0,21.0
20161009213101,25.0,25.0
20161009213201,26.0,29.0
20161009213301,25.0,22.0
20161009213401,25.0,21.0
20161009213501,25.0,21.0
20161009213601,25.0,21.0
20161009213702,25.0,21.0
20161009213801,25.0,21.0
20161009213901,25.0,21.0
20161009214001,25.0,21.0
20161009214101,25.0,24.0
20161009214201,25.0,21.0
20161009214301,25.0,21.0
20161009214401,25.0,21.0
20161009214501,25.0,21.0
20161009214601,25.0,21.0
20161009214701,25.0,21.0
20161009214801,25.0,21.0
20161009214901,25.0,21.0
20161009215001,25.0,21.0
20161009215102,25.0,21.0
20161009215201,25.0,21.0
20161009215301,25.0,21.0
20161009215401,25.0,21.0
20161009215501,25.0,21.0
20161009215601,25.0,21.0
20161009215701,25.0,21.0
20161009215801,26.0,29.0
20161009215901,25.0,21.0
20161009220001,25.0,22.0
20161009220101,25.0,21.0
20161009220201,25.0,22.0
20161009220301,25.0,22.0
20161009220401,25.0,22.0
20161009220501,25.0,21.0
20161009220601,25.0,22.0
20161009220701,25.0,22.0
20161009220801,25.0,22.0
20161009220901,26.0,29.0
20161009221001,25.0,23.0
20161009221101,25.0,23.0
20161009221201,25.0,29.0
20161009221301,25.0,23.0
20161009221401,25.0,29.0
20161009221501,25.0,23.0
20161009221601,25.0,25.0
20161009221701,25.0,23.0
20161009221801,25.0,29.0
20161009221901,25.0,23.0
20161009222002,25.0,29.0
20161009222101,25.0,24.0
20161009222201,25.0,23.0
20161009222301,25.0,29.0
20161009222401,25.0,24.0
20161009222501,25.0,24.0
20161009222601,25.0,24.0
20161009222702,25.0,24.0
20161009222801,25.0,24.0
20161009222901,25.0,29.0
20161009223001,25.0,29.0
20161009223101,25.0,24.0
20161009223201,25.0,24.0
20161009223301,25.0,24.0
20161009223401,25.0,24.0
20161009223501,25.0,23.0
20161009223601,25.0,24.0
20161009223701,25.0,29.0
20161009223801,25.0,29.0
20161009223901,25.0,23.0
20161009224001,25.0,24.0
20161009224101,25.0,24.0
20161009224201,25.0,24.0
20161009224301,25.0,24.0
20161009224401,25.0,23.0
20161009224501,25.0,23.0
20161009224601,25.0,24.0
20161009224701,25.0,24.0
20161009224801,25.0,29.0
20161009224901,25.0,29.0
20161009225001,25.0,24.0
20161009225101,25.0,23.0
20161009225201,25.0,29.0
20161009225301,25.0,24.0
20161009225401,25.0,23.0
20161009225501,25.0,29.0
20161009225601,25.0,26.0
20161009225701,25.0,25.0
20161009225801,25.0,29.0
20161009225902,25.0,24.0
20161009230001,25.0,29.0
20161009230101,25.0,23.0
20161009230201,25.0,23.0
20161009230301,25.0,24.0
20161009230401,25.0,24.0
20161009230501,25.0,24.0
20161009230602,25.0,22.0
20161009230701,25.0,23.0
20161009230801,25.0,24.0
20161009230901,25.0,24.0
20161009231001,25.0,23.0
20161009231101,25.0,29.0
20161009231201,25.0,29.0
20161009231301,25.0,23.0
20161009231401,25.0,24.0
20161009231501,25.0,29.0
20161009231601,25.0,29.0
20161009231701,25.0,24.0
20161009231801,25.0,23.0
20161009231901,25.0,29.0
20161009232001,25.0,23.0
20161009232101,25.0,29.0
20161009232201,25.0,23.0
20161009232301,25.0,23.0
20161009232401,25.0,23.0
20161009232501,25.0,23.0
20161009232601,25.0,23.0
20161009232701,25.0,24.0
20161009232801,25.0,24.0
20161009232901,25.0,23.0
20161009233001,25.0,23.0
20161009233101,25.0,23.0
20161009233201,25.0,23.0
20161009233301,25.0,23.0
20161009233401,25.0,23.0
20161009233501,25.0,23.0
20161009233601,25.0,23.0
20161009233701,25.0,23.0
20161009233801,25.0,29.0
20161009233901,25.0,29.0
20161009234001,25.0,23.0
20161009234101,25.0,22.0
20161009234201,25.0,27.0
20161009234301,25.0,23.0
20161009234401,25.0,23.0
20161009234501,25.0,23.0
20161009234601,24.0,31.0
20161009234701,24.0,25.0
20161009234801,24.0,24.0
20161009234902,24.0,24.0
20161009235001,25.0,29.0
20161009235101,24.0,24.0
20161009235201,24.0,24.0
20161009235301,24.0,24.0
20161009235401,24.0,24.0
20161009235501,25.0,23.0
20161009235601,25.0,29.0
20161009235701,25.0,29.0
20161009235801,24.0,24.0
20161009235901,25.0,23.0
20161010000001,25.0,23.0
20161010000101,25.0,24.0
20161010000201,24.0,24.0
20161010000301,25.0,23.0
20161010000401,25.0,23.0
20161010000501,24.0,24.0
20161010000601,25.0,29.0
20161010000701,25.0,25.0
20161010000801,25.0,23.0
20161010000901,24.0,22.0
20161010001001,25.0,23.0
20161010001101,24.0,26.0
20161010001201,24.0,30.0
20161010001301,24.0,25.0
20161010001401,24.0,30.0
20161010001501,24.0,26.0
20161010001601,24.0,27.0
20161010001701,24.0,24.0
20161010001801,24.0,24.0
20161010001901,24.0,24.0
20161010002001,24.0,24.0
20161010002101,24.0,24.0
20161010002201,24.0,24.0
20161010002301,24.0,28.0
20161010002401,24.0,25.0
20161010002501,24.0,25.0
20161010002601,24.0,30.0
20161010002701,24.0,24.0
20161010002801,24.0,24.0
20161010002902,24.0,22.0
20161010003001,24.0,24.0
20161010003101,24.0,30.0
20161010003201,24.0,24.0
20161010003301,24.0,24.0
20161010003401,24.0,25.0
20161010003501,24.0,24.0
20161010003601,24.0,30.0
20161010003701,24.0,22.0
20161010003801,24.0,24.0
20161010003901,24.0,24.0
20161010004001,24.0,24.0
20161010004101,24.0,25.0
20161010004201,24.0,24.0
20161010004301,24.0,25.0
20161010004401,24.0,24.0
20161010004501,24.0,24.0
20161010004601,24.0,30.0
20161010004701,24.0,24.0
20161010004801,24.0,30.0
20161010004901,24.0,28.0
20161010005001,24.0,25.0
20161010005102,24.0,26.0
20161010005201,24.0,25.0
20161010005301,24.0,30.0
20161010005401,24.0,25.0
20161010005501,24.0,25.0
20161010005601,24.0,25.0
20161010005701,24.0,26.0
20161010005801,24.0,25.0
20161010005901,24.0,25.0
20161010010001,24.0,30.0
20161010010101,24.0,25.0
20161010010201,24.0,25.0
20161010010301,24.0,25.0
20161010010401,24.0,25.0
20161010010502,24.0,30.0
20161010010601,24.0,25.0
20161010010701,24.0,24.0
20161010010801,24.0,28.0
20161010010901,24.0,28.0
20161010011001,24.0,25.0
20161010222141,24.0,25.0
20161010222201,24.0,30.0
20161010222301,24.0,25.0
20161010222401,24.0,30.0
20161010222501,24.0,25.0
20161010222601,24.0,25.0
20161010222701,24.0,25.0
20161010222802,24.0,25.0
20161010222928,24.0,25.0
20161010223001,24.0,30.0
20161010223128,24.0,25.0
20161010223201,24.0,28.0
20161010223320,24.0,25.0
20161010223401,24.0,25.0
20161010223501,24.0,25.0
20161010223601,24.0,24.0
20161010223701,24.0,25.0
20161010223801,24.0,25.0
20161010223901,24.0,25.0
20161010224001,24.0,25.0
20161010224101,24.0,25.0
20161010224201,24.0,30.0
20161010224301,24.0,25.0
20161010224401,24.0,25.0
20161010224501,24.0,30.0
20161010224601,24.0,25.0
20161010224701,24.0,25.0
20161010224801,24.0,25.0
20161010224901,24.0,30.0
20161010225001,24.0,30.0
20161010225101,24.0,30.0
20161010225201,24.0,25.0
20161010225301,24.0,30.0
20161010225401,24.0,25.0
20161010225501,24.0,25.0
20161010225601,24.0,26.0
20161010225701,24.0,25.0
20161010225801,24.0,25.0
20161010225901,24.0,30.0
20161010230001,24.0,25.0
20161010230101,24.0,25.0
20161010230201,24.0,25.0
20161010230301,24.0,25.0
20161010230430,24.0,30.0
20161010230501,24.0,30.0
20161010230601,24.0,25.0
20161010230701,24.0,25.0
20161010230801,24.0,30.0
20161010230901,24.0,25.0
20161010231001,24.0,25.0
20161010231101,24.0,25.0
20161010231201,24.0,30.0
20161010231301,24.0,25.0
20161010231401,24.0,25.0
20161010231501,24.0,25.0
20161010231601,24.0,25.0
20161010231701,24.0,25.0
20161010231801,23.0,25.0
20161010231901,24.0,25.0
20161010232001,24.0,28.0
20161010232128,23.0,30.0
20161010232201,24.0,25.0
20161010232301,23.0,25.0
20161010232401,23.0,25.0
20161010232501,24.0,30.0
20161010232601,23.0,25.0
20161010232701,23.0,25.0
20161010232801,24.0,25.0
20161010232901,23.0,25.0
20161010233001,24.0,30.0
20161010233101,24.0,26.0
20161010233201,23.0,25.0
20161010233301,23.0,30.0
20161010233401,23.0,25.0
20161010233501,23.0,25.0
20161010233602,23.0,25.0
20161010233701,23.0,25.0
20161010233801,24.0,25.0
20161010233901,24.0,25.0
20161010234001,23.0,25.0
20161010234101,24.0,25.0
20161010234201,24.0,25.0
20161012145547,24.0,32.0
20161012145601,24.0,31.0
20161012145701,24.0,31.0
20161012145801,24.0,32.0
20161012145901,24.0,31.0
20161012150001,24.0,31.0
20161012150101,24.0,30.0
20161012150201,24.0,32.0
20161012150301,24.0,31.0
20161012150401,24.0,31.0
20161012150501,24.0,31.0
20161012150601,24.0,31.0
20161012150701,24.0,31.0
20161012150801,24.0,32.0
20161012150901,24.0,31.0
20161012151001,24.0,31.0
20161012151101,24.0,33.0
20161012151201,24.0,31.0
20161012151301,24.0,31.0
20161012151401,24.0,31.0
20161012151501,24.0,31.0
20161012151601,24.0,33.0
20161012151701,24.0,32.0
20161012151801,24.0,33.0
20161012151901,24.0,32.0
20161012152001,24.0,32.0
20161012152101,24.0,36.0
20161012152201,24.0,35.0
20161012152301,24.0,33.0
20161012152401,24.0,33.0
20161012152501,24.0,33.0
20161012152601,24.0,34.0
20161012152702,24.0,33.0
20161012152801,24.0,33.0
20161012152901,24.0,33.0
20161012153001,24.0,33.0
20161012153101,24.0,33.0
20161012153201,24.0,34.0
20161012153301,24.0,34.0
20161012153401,24.0,34.0
20161012153501,24.0,34.0
20161012153601,24.0,34.0
20161012153701,24.0,35.0
20161012153801,24.0,35.0
20161012153901,24.0,36.0
20161012154001,24.0,36.0
20161012154101,24.0,37.0
20161012154201,24.0,38.0
20161012154301,24.0,39.0
20161012154401,24.0,40.0
20161012154501,24.0,40.0
20161012154601,24.0,40.0
20161012154701,24.0,40.0
20161012154801,24.0,40.0
20161012154901,24.0,39.0
20161012155001,24.0,40.0
20161012155101,24.0,39.0
20161012155201,24.0,40.0
20161012155301,24.0,40.0
20161012155401,24.0,40.0
20161012155501,24.0,39.0
20161012155601,24.0,39.0
20161012155701,24.0,40.0
20161012155801,24.0,40.0
20161012155901,24.0,40.0
20161012160001,24.0,41.0
20161012160101,24.0,40.0
20161012160201,24.0,41.0
20161012160301,24.0,40.0
20161012160401,24.0,40.0
20161012160501,24.0,40.0
20161012160601,24.0,40.0
20161012160701,24.0,40.0
20161012160801,24.0,40.0
20161012160901,24.0,40.0
20161012161001,24.0,40.0
20161012161101,24.0,40.0
20161012161201,24.0,40.0
20161012161302,24.0,40.0
20161012161401,24.0,40.0
20161012161501,24.0,40.0
20161012161601,24.0,40.0
20161012161701,24.0,40.0
20161012161801,24.0,40.0
20161012161901,24.0,40.0
20161012162001,24.0,40.0
20161012162101,24.0,40.0
20161012162201,24.0,39.0
20161012162301,24.0,39.0
20161012162401,24.0,39.0
20161012162501,24.0,39.0
20161012162601,24.0,39.0
20161012162702,24.0,39.0
20161012162801,24.0,40.0
20161012162901,25.0,39.0
20161012163001,24.0,39.0
20161012163101,24.0,39.0
20161012163201,24.0,40.0
20161012163301,24.0,39.0
20161012163401,24.0,40.0
20161012163501,24.0,39.0
20161012163601,24.0,40.0
20161012163701,24.0,39.0
20161012163801,24.0,39.0
20161012163901,24.0,40.0
20161012164001,24.0,40.0
20161012164101,24.0,37.0
20161012164201,24.0,38.0
20161012164301,24.0,38.0
20161012164401,24.0,40.0
20161012164501,24.0,38.0
20161012164601,24.0,38.0
20161012164701,24.0,38.0
20161012164801,24.0,38.0
20161012164901,24.0,38.0
20161012165001,24.0,38.0
20161012165101,24.0,40.0
20161012165201,24.0,40.0
20161012165301,24.0,38.0
20161012165401,24.0,39.0
20161012165501,24.0,38.0
20161012165601,24.0,38.0
20161012165701,24.0,38.0
20161012165801,24.0,40.0
20161012165901,24.0,38.0
20161012170001,24.0,38.0
20161012170101,24.0,38.0
20161012170201,24.0,38.0
20161012170301,24.0,38.0
20161012170401,24.0,38.0
20161012170501,24.0,38.0
20161012170601,24.0,37.0
20161012170701,24.0,38.0
20161012170802,24.0,40.0
20161012170901,24.0,38.0
20161012171001,24.0,38.0
20161012171101,24.0,38.0
20161012171201,24.0,39.0
20161012171301,24.0,40.0
20161012171401,24.0,38.0
20161012171502,24.0,38.0
20161012171601,24.0,40.0
20161012171701,24.0,38.0
20161012171801,24.0,38.0
20161012171901,24.0,40.0
20161012172001,24.0,38.0
20161012172101,24.0,38.0
20161012172202,24.0,38.0
20161012172301,24.0,38.0
20161012172401,24.0,40.0
20161012172501,24.0,38.0
20161012172601,24.0,38.0
20161012172701,24.0,38.0
20161012172801,24.0,38.0
20161012172901,24.0,40.0
20161012173001,24.0,37.0
20161012173101,24.0,38.0
20161012173201,24.0,38.0
20161012173301,24.0,38.0
20161012173401,24.0,38.0
20161012173501,24.0,38.0
20161012173601,24.0,38.0
20161012173701,24.0,38.0
20161012173801,24.0,38.0
20161012173901,24.0,38.0
20161012174001,24.0,38.0
20161012174101,24.0,39.0
20161012174201,24.0,38.0
20161012174301,24.0,38.0
20161012174401,24.0,38.0
20161012174501,24.0,40.0
20161012174601,24.0,38.0
20161012174701,24.0,38.0
20161012174801,24.0,37.0
20161012174901,24.0,37.0
20161012175001,24.0,37.0
20161012175101,24.0,38.0
20161012175201,24.0,36.0
20161012175301,24.0,37.0
20161012175401,24.0,38.0
20161012175501,24.0,37.0
20161012175601,24.0,38.0
20161012175701,24.0,37.0
20161012175801,24.0,37.0
20161012175901,24.0,37.0
20161012180001,24.0,40.0
20161012180101,24.0,39.0
20161012180201,24.0,40.0
20161012180301,24.0,37.0
20161012180401,24.0,37.0
20161012180501,24.0,40.0
20161012180601,24.0,36.0
20161012180701,24.0,37.0
20161012180801,24.0,37.0
20161012180901,24.0,39.0
20161012181001,24.0,36.0
20161012181101,24.0,40.0
20161012181201,24.0,37.0
20161012181301,24.0,40.0
20161012181401,24.0,40.0
20161012181501,24.0,37.0
20161012181601,24.0,38.0
20161012181701,24.0,40.0
20161012181801,25.0,39.0
20161012181901,24.0,37.0
20161012182001,24.0,38.0
20161012182101,24.0,36.0
20161012182201,24.0,38.0
20161012182301,24.0,37.0
20161012182401,24.0,37.0
20161012182501,24.0,37.0
20161012182601,24.0,37.0
20161012182701,24.0,37.0
20161012182801,24.0,37.0
20161012182901,24.0,37.0
20161012183001,24.0,37.0
20161012183101,24.0,37.0
20161012183201,24.0,37.0
20161012183301,24.0,39.0
20161012183401,24.0,37.0
